Using pre-set license
Built from '2021.3/staging' branch; Version is '2021.3.11f1 (0a5ca18544bf) revision 679073'; Using compiler version '192829333'; Build Type 'Release'
OS: 'Windows 10  (10.0.19044) 64bit Core' Language: 'en' Physical Memory: 8020 MB
BatchMode: 1, IsHumanControllingUs: 0, StartBugReporterOnCrash: 0, Is64bit: 1, IsPro: 1

COMMAND LINE ARGUMENTS:
C:\Program Files\Unity\Hub\Editor\2021.3.11f1\Editor\Unity.exe
-adb2
-batchMode
-noUpm
-name
AssetImportWorker0
-projectPath
C:/Users/ybena/Documents/GitHub/Tales-from-the-41st-millenium/TFM41
-logFile
Logs/AssetImportWorker0.log
-srvPort
52812
Successfully changed project path to: C:/Users/ybena/Documents/GitHub/Tales-from-the-41st-millenium/TFM41
C:/Users/ybena/Documents/GitHub/Tales-from-the-41st-millenium/TFM41
[UnityMemory] Configuration Parameters - Can be set up in boot.config
    "memorysetup-bucket-allocator-granularity=16"
    "memorysetup-bucket-allocator-bucket-count=8"
    "memorysetup-bucket-allocator-block-size=33554432"
    "memorysetup-bucket-allocator-block-count=8"
    "memorysetup-main-allocator-block-size=16777216"
    "memorysetup-thread-allocator-block-size=16777216"
    "memorysetup-gfx-main-allocator-block-size=16777216"
    "memorysetup-gfx-thread-allocator-block-size=16777216"
    "memorysetup-cache-allocator-block-size=4194304"
    "memorysetup-typetree-allocator-block-size=2097152"
    "memorysetup-profiler-bucket-allocator-granularity=16"
    "memorysetup-profiler-bucket-allocator-bucket-count=8"
    "memorysetup-profiler-bucket-allocator-block-size=33554432"
    "memorysetup-profiler-bucket-allocator-block-count=8"
    "memorysetup-profiler-allocator-block-size=16777216"
    "memorysetup-profiler-editor-allocator-block-size=1048576"
    "memorysetup-temp-allocator-size-main=16777216"
    "memorysetup-job-temp-allocator-block-size=2097152"
    "memorysetup-job-temp-allocator-block-size-background=1048576"
    "memorysetup-job-temp-allocator-reduction-small-platforms=262144"
    "memorysetup-temp-allocator-size-background-worker=32768"
    "memorysetup-temp-allocator-size-job-worker=262144"
    "memorysetup-temp-allocator-size-preload-manager=33554432"
    "memorysetup-temp-allocator-size-nav-mesh-worker=65536"
    "memorysetup-temp-allocator-size-audio-worker=65536"
    "memorysetup-temp-allocator-size-cloud-worker=32768"
    "memorysetup-temp-allocator-size-gi-baking-worker=262144"
    "memorysetup-temp-allocator-size-gfx=262144"
Refreshing native plugins compatible for Editor in 90.65 ms, found 3 plugins.
Preloading 0 native plugins for Editor in 0.00 ms.
Initialize engine version: 2021.3.11f1 (0a5ca18544bf)
[Subsystems] Discovering subsystems at path C:/Program Files/Unity/Hub/Editor/2021.3.11f1/Editor/Data/Resources/UnitySubsystems
[Subsystems] Discovering subsystems at path C:/Users/ybena/Documents/GitHub/Tales-from-the-41st-millenium/TFM41/Assets
GfxDevice: creating device client; threaded=0; jobified=0
Direct3D:
    Version:  Direct3D 11.0 [level 11.1]
    Renderer: NVIDIA GeForce MX250 (ID=0x1d13)
    Vendor:   NVIDIA
    VRAM:     1983 MB
    Driver:   30.0.15.1295
Initialize mono
Mono path[0] = 'C:/Program Files/Unity/Hub/Editor/2021.3.11f1/Editor/Data/Managed'
Mono path[1] = 'C:/Program Files/Unity/Hub/Editor/2021.3.11f1/Editor/Data/MonoBleedingEdge/lib/mono/unityjit-win32'
Mono config path = 'C:/Program Files/Unity/Hub/Editor/2021.3.11f1/Editor/Data/MonoBleedingEdge/etc'
Using monoOptions --debugger-agent=transport=dt_socket,embedding=1,server=y,suspend=n,address=127.0.0.1:56968
Begin MonoManager ReloadAssembly
Registering precompiled unity dll's ...
Register platform support module: C:/Program Files/Unity/Hub/Editor/2021.3.11f1/Editor/Data/PlaybackEngines/WebGLSupport/UnityEditor.WebGL.Extensions.dll
Register platform support module: C:/Program Files/Unity/Hub/Editor/2021.3.11f1/Editor/Data/PlaybackEngines/WindowsStandaloneSupport/UnityEditor.WindowsStandalone.Extensions.dll
Registered in 0.012523 seconds.
Native extension for WindowsStandalone target not found
Native extension for WebGL target not found
Refreshing native plugins compatible for Editor in 90.17 ms, found 3 plugins.
Preloading 0 native plugins for Editor in 0.00 ms.
Mono: successfully reloaded assembly
- Completed reload, in  0.792 seconds
Domain Reload Profiling:
	ReloadAssembly (792ms)
		BeginReloadAssembly (125ms)
			ExecutionOrderSort (0ms)
			DisableScriptedObjects (0ms)
			BackupInstance (0ms)
			ReleaseScriptingObjects (0ms)
			CreateAndSetChildDomain (1ms)
		EndReloadAssembly (533ms)
			LoadAssemblies (122ms)
			RebuildTransferFunctionScriptingTraits (1ms)
			SetupTypeCache (119ms)
			ReleaseScriptCaches (0ms)
			RebuildScriptCaches (49ms)
			SetupLoadedEditorAssemblies (304ms)
				LogAssemblyErrors (0ms)
				InitializePlatformSupportModulesInManaged (10ms)
				SetLoadedEditorAssemblies (0ms)
				RefreshPlugins (90ms)
				BeforeProcessingInitializeOnLoad (1ms)
				ProcessInitializeOnLoadAttributes (154ms)
				ProcessInitializeOnLoadMethodAttributes (49ms)
				AfterProcessingInitializeOnLoad (0ms)
				EditorAssembliesLoaded (0ms)
			ExecutionOrderSort2 (0ms)
			AwakeInstancesAfterBackupRestoration (0ms)
Platform modules already initialized, skipping
Registering precompiled user dll's ...
Registered in 0.006060 seconds.
Begin MonoManager ReloadAssembly
Symbol file LoadedFromMemory doesn't match image C:\Users\ybena\Documents\GitHub\Tales-from-the-41st-millenium\TFM41\Library\PackageCache\com.unity.visualscripting@1.7.8\Editor\VisualScripting.Core\Dependencies\YamlDotNet\Unity.VisualScripting.YamlDotNet.dll
Symbol file LoadedFromMemory doesn't match image C:\Users\ybena\Documents\GitHub\Tales-from-the-41st-millenium\TFM41\Library\PackageCache\com.unity.visualscripting@1.7.8\Editor\VisualScripting.Core\Dependencies\DotNetZip\Unity.VisualScripting.IonicZip.dll
Native extension for WindowsStandalone target not found
Native extension for WebGL target not found
Refreshing native plugins compatible for Editor in 0.56 ms, found 3 plugins.
Preloading 0 native plugins for Editor in 0.00 ms.
Mono: successfully reloaded assembly
- Completed reload, in  1.268 seconds
Domain Reload Profiling:
	ReloadAssembly (1269ms)
		BeginReloadAssembly (142ms)
			ExecutionOrderSort (0ms)
			DisableScriptedObjects (6ms)
			BackupInstance (0ms)
			ReleaseScriptingObjects (0ms)
			CreateAndSetChildDomain (22ms)
		EndReloadAssembly (998ms)
			LoadAssemblies (136ms)
			RebuildTransferFunctionScriptingTraits (0ms)
			SetupTypeCache (350ms)
			ReleaseScriptCaches (1ms)
			RebuildScriptCaches (55ms)
			SetupLoadedEditorAssemblies (408ms)
				LogAssemblyErrors (0ms)
				InitializePlatformSupportModulesInManaged (7ms)
				SetLoadedEditorAssemblies (0ms)
				RefreshPlugins (1ms)
				BeforeProcessingInitializeOnLoad (98ms)
				ProcessInitializeOnLoadAttributes (265ms)
				ProcessInitializeOnLoadMethodAttributes (29ms)
				AfterProcessingInitializeOnLoad (7ms)
				EditorAssembliesLoaded (0ms)
			ExecutionOrderSort2 (0ms)
			AwakeInstancesAfterBackupRestoration (6ms)
Platform modules already initialized, skipping
========================================================================
Worker process is ready to serve import requests
Launched and connected shader compiler UnityShaderCompiler.exe after 0.05 seconds
Refreshing native plugins compatible for Editor in 1.03 ms, found 3 plugins.
Preloading 0 native plugins for Editor in 0.00 ms.
Unloading 3380 Unused Serialized files (Serialized files now loaded: 0)
Unloading 27 unused Assets / (113.4 KB). Loaded Objects now: 3837.
Memory consumption went from 116.2 MB to 116.1 MB.
Total: 5.255100 ms (FindLiveObjects: 0.527300 ms CreateObjectMapping: 0.405200 ms MarkObjects: 4.159800 ms  DeleteObjects: 0.161500 ms)

AssetImportParameters requested are different than current active one (requested -> active):
  custom:video-decoder-ogg-theora: a1e56fd34408186e4bbccfd4996cb3dc -> 
  custom:container-muxer-webm: aa71ff27fc2769a1b78a27578f13a17b -> 
  custom:container-demuxer-webm: 4f35f7cbe854078d1ac9338744f61a02 -> 
  custom:video-encoder-webm-vp8: eb34c28f22e8b96e1ab97ce403110664 -> 
  custom:video-codec-MediaFoundation-h265: 746d11721c4dcdbdad8f713fa42b33f4 -> 
  custom:audio-encoder-webm-vorbis: bf7c407c2cedff20999df2af8eb42d56 -> 
  custom:framework-win-MediaFoundation: 216162199b28c13a410421893ffa2e32 -> 
  custom:container-demuxer-ogg: 62fdf1f143b41e24485cea50d1cbac27 -> 
  custom:video-decoder-webm-vp8: 9c59270c3fd7afecdb556c50c9e8de78 -> 
  custom:audio-decoder-ogg-vorbis: bf7c407c2cedff20999df2af8eb42d56 -> 
========================================================================
Received Import Request.
  Time since last request: 966085.944063 seconds.
  path: Assets/TerrainTypes
  artifactKey: Guid(b8748b990f5dd584880b3128748ee9bc) Importer(815301076,1909f56bfc062723c751e8b465ee728b)
Start importing Assets/TerrainTypes using Guid(b8748b990f5dd584880b3128748ee9bc) Importer(815301076,1909f56bfc062723c751e8b465ee728b)  -> (artifact id: '175e6d17f1563186a1b1f72c5588ae06') in 0.013158 seconds 
========================================================================
Received Import Request.
  Time since last request: 1.460089 seconds.
  path: Assets/TerrainTypes/Solid.cs
  artifactKey: Guid(4535fae1a697aca4083ce003dcfb976a) Importer(815301076,1909f56bfc062723c751e8b465ee728b)
Start importing Assets/TerrainTypes/Solid.cs using Guid(4535fae1a697aca4083ce003dcfb976a) Importer(815301076,1909f56bfc062723c751e8b465ee728b)  -> (artifact id: '420bc4014e02cc3a7a2e1dc609e57aa1') in 0.036429 seconds 
========================================================================
Received Prepare
Registering precompiled user dll's ...
Registered in 0.010439 seconds.
Begin MonoManager ReloadAssembly
Symbol file LoadedFromMemory doesn't match image C:\Users\ybena\Documents\GitHub\Tales-from-the-41st-millenium\TFM41\Library\PackageCache\com.unity.visualscripting@1.7.8\Editor\VisualScripting.Core\Dependencies\YamlDotNet\Unity.VisualScripting.YamlDotNet.dll
Symbol file LoadedFromMemory doesn't match image C:\Users\ybena\Documents\GitHub\Tales-from-the-41st-millenium\TFM41\Library\PackageCache\com.unity.visualscripting@1.7.8\Editor\VisualScripting.Core\Dependencies\DotNetZip\Unity.VisualScripting.IonicZip.dll
Native extension for WindowsStandalone target not found
Native extension for WebGL target not found
Refreshing native plugins compatible for Editor in 2.22 ms, found 3 plugins.
Preloading 0 native plugins for Editor in 0.00 ms.
Mono: successfully reloaded assembly
- Completed reload, in  2.075 seconds
Domain Reload Profiling:
	ReloadAssembly (2077ms)
		BeginReloadAssembly (375ms)
			ExecutionOrderSort (0ms)
			DisableScriptedObjects (15ms)
			BackupInstance (0ms)
			ReleaseScriptingObjects (0ms)
			CreateAndSetChildDomain (95ms)
		EndReloadAssembly (1521ms)
			LoadAssemblies (226ms)
			RebuildTransferFunctionScriptingTraits (0ms)
			SetupTypeCache (596ms)
			ReleaseScriptCaches (3ms)
			RebuildScriptCaches (142ms)
			SetupLoadedEditorAssemblies (467ms)
				LogAssemblyErrors (0ms)
				InitializePlatformSupportModulesInManaged (39ms)
				SetLoadedEditorAssemblies (1ms)
				RefreshPlugins (2ms)
				BeforeProcessingInitializeOnLoad (120ms)
				ProcessInitializeOnLoadAttributes (266ms)
				ProcessInitializeOnLoadMethodAttributes (31ms)
				AfterProcessingInitializeOnLoad (8ms)
				EditorAssembliesLoaded (0ms)
			ExecutionOrderSort2 (0ms)
			AwakeInstancesAfterBackupRestoration (7ms)
Platform modules already initialized, skipping
Refreshing native plugins compatible for Editor in 8.27 ms, found 3 plugins.
Preloading 0 native plugins for Editor in 0.00 ms.
Unloading 3376 Unused Serialized files (Serialized files now loaded: 0)
Unloading 20 unused Assets / (79.8 KB). Loaded Objects now: 3841.
Memory consumption went from 116.2 MB to 116.1 MB.
Total: 5.844000 ms (FindLiveObjects: 0.410300 ms CreateObjectMapping: 0.434600 ms MarkObjects: 4.882700 ms  DeleteObjects: 0.114600 ms)

AssetImportParameters requested are different than current active one (requested -> active):
  custom:video-decoder-ogg-theora: a1e56fd34408186e4bbccfd4996cb3dc -> 
  custom:container-muxer-webm: aa71ff27fc2769a1b78a27578f13a17b -> 
  custom:container-demuxer-webm: 4f35f7cbe854078d1ac9338744f61a02 -> 
  custom:video-encoder-webm-vp8: eb34c28f22e8b96e1ab97ce403110664 -> 
  custom:video-codec-MediaFoundation-h265: 746d11721c4dcdbdad8f713fa42b33f4 -> 
  custom:audio-encoder-webm-vorbis: bf7c407c2cedff20999df2af8eb42d56 -> 
  custom:framework-win-MediaFoundation: 216162199b28c13a410421893ffa2e32 -> 
  custom:container-demuxer-ogg: 62fdf1f143b41e24485cea50d1cbac27 -> 
  custom:video-decoder-webm-vp8: 9c59270c3fd7afecdb556c50c9e8de78 -> 
  custom:audio-decoder-ogg-vorbis: bf7c407c2cedff20999df2af8eb42d56 -> 
========================================================================
Received Import Request.
  Time since last request: 90.137002 seconds.
  path: Assets/TerrainTypes/Solid.cs
  artifactKey: Guid(4535fae1a697aca4083ce003dcfb976a) Importer(815301076,1909f56bfc062723c751e8b465ee728b)
Start importing Assets/TerrainTypes/Solid.cs using Guid(4535fae1a697aca4083ce003dcfb976a) Importer(815301076,1909f56bfc062723c751e8b465ee728b)  -> (artifact id: '1a89797e1c49d5e2c249b26f550d6cbc') in 0.052759 seconds 
========================================================================
Received Prepare
Registering precompiled user dll's ...
Registered in 0.009057 seconds.
Begin MonoManager ReloadAssembly
Symbol file LoadedFromMemory doesn't match image C:\Users\ybena\Documents\GitHub\Tales-from-the-41st-millenium\TFM41\Library\PackageCache\com.unity.visualscripting@1.7.8\Editor\VisualScripting.Core\Dependencies\YamlDotNet\Unity.VisualScripting.YamlDotNet.dll
Symbol file LoadedFromMemory doesn't match image C:\Users\ybena\Documents\GitHub\Tales-from-the-41st-millenium\TFM41\Library\PackageCache\com.unity.visualscripting@1.7.8\Editor\VisualScripting.Core\Dependencies\DotNetZip\Unity.VisualScripting.IonicZip.dll
Native extension for WindowsStandalone target not found
Native extension for WebGL target not found
Refreshing native plugins compatible for Editor in 0.76 ms, found 3 plugins.
Preloading 0 native plugins for Editor in 0.00 ms.
Mono: successfully reloaded assembly
- Completed reload, in  2.106 seconds
Domain Reload Profiling:
	ReloadAssembly (2107ms)
		BeginReloadAssembly (328ms)
			ExecutionOrderSort (0ms)
			DisableScriptedObjects (15ms)
			BackupInstance (0ms)
			ReleaseScriptingObjects (0ms)
			CreateAndSetChildDomain (86ms)
		EndReloadAssembly (1481ms)
			LoadAssemblies (200ms)
			RebuildTransferFunctionScriptingTraits (0ms)
			SetupTypeCache (568ms)
			ReleaseScriptCaches (2ms)
			RebuildScriptCaches (94ms)
			SetupLoadedEditorAssemblies (585ms)
				LogAssemblyErrors (0ms)
				InitializePlatformSupportModulesInManaged (25ms)
				SetLoadedEditorAssemblies (1ms)
				RefreshPlugins (1ms)
				BeforeProcessingInitializeOnLoad (113ms)
				ProcessInitializeOnLoadAttributes (380ms)
				ProcessInitializeOnLoadMethodAttributes (52ms)
				AfterProcessingInitializeOnLoad (13ms)
				EditorAssembliesLoaded (0ms)
			ExecutionOrderSort2 (0ms)
			AwakeInstancesAfterBackupRestoration (9ms)
Platform modules already initialized, skipping
Refreshing native plugins compatible for Editor in 4.50 ms, found 3 plugins.
Preloading 0 native plugins for Editor in 0.00 ms.
Unloading 3376 Unused Serialized files (Serialized files now loaded: 0)
Unloading 20 unused Assets / (79.9 KB). Loaded Objects now: 3844.
Memory consumption went from 116.2 MB to 116.1 MB.
Total: 7.812600 ms (FindLiveObjects: 0.530200 ms CreateObjectMapping: 0.424500 ms MarkObjects: 6.710100 ms  DeleteObjects: 0.146000 ms)

AssetImportParameters requested are different than current active one (requested -> active):
  custom:video-decoder-ogg-theora: a1e56fd34408186e4bbccfd4996cb3dc -> 
  custom:container-muxer-webm: aa71ff27fc2769a1b78a27578f13a17b -> 
  custom:container-demuxer-webm: 4f35f7cbe854078d1ac9338744f61a02 -> 
  custom:video-encoder-webm-vp8: eb34c28f22e8b96e1ab97ce403110664 -> 
  custom:video-codec-MediaFoundation-h265: 746d11721c4dcdbdad8f713fa42b33f4 -> 
  custom:audio-encoder-webm-vorbis: bf7c407c2cedff20999df2af8eb42d56 -> 
  custom:framework-win-MediaFoundation: 216162199b28c13a410421893ffa2e32 -> 
  custom:container-demuxer-ogg: 62fdf1f143b41e24485cea50d1cbac27 -> 
  custom:video-decoder-webm-vp8: 9c59270c3fd7afecdb556c50c9e8de78 -> 
  custom:audio-decoder-ogg-vorbis: bf7c407c2cedff20999df2af8eb42d56 -> 
========================================================================
Received Import Request.
  Time since last request: 77.758791 seconds.
  path: Assets
  artifactKey: Guid(00000000000000001000000000000000) Importer(815301076,1909f56bfc062723c751e8b465ee728b)
Start importing Assets using Guid(00000000000000001000000000000000) Importer(815301076,1909f56bfc062723c751e8b465ee728b)  -> (artifact id: '79842766b460edbeab6a34051e857a80') in 0.015111 seconds 
========================================================================
Received Import Request.
  Time since last request: 5.846175 seconds.
  path: Assets/Unit
  artifactKey: Guid(1dff380a721df4240bd4870900af9d5a) Importer(815301076,1909f56bfc062723c751e8b465ee728b)
Start importing Assets/Unit using Guid(1dff380a721df4240bd4870900af9d5a) Importer(815301076,1909f56bfc062723c751e8b465ee728b)  -> (artifact id: '109716f28b3a9f31ac24ff81ba6f7a1a') in 0.008355 seconds 
========================================================================
Received Import Request.
  Time since last request: 1295.717833 seconds.
  path: Assets/UnitScripts
  artifactKey: Guid(c28f2d4457d60ec4ea812c88ae59c0ed) Importer(815301076,1909f56bfc062723c751e8b465ee728b)
Start importing Assets/UnitScripts using Guid(c28f2d4457d60ec4ea812c88ae59c0ed) Importer(815301076,1909f56bfc062723c751e8b465ee728b)  -> (artifact id: '9753124fcf0a202a139455199b91c0a2') in 0.007197 seconds 
========================================================================
Received Import Request.
  Time since last request: 7.850085 seconds.
  path: Assets/GameMechanics
  artifactKey: Guid(c087494de1beee14290bd391c38eca1a) Importer(815301076,1909f56bfc062723c751e8b465ee728b)
Start importing Assets/GameMechanics using Guid(c087494de1beee14290bd391c38eca1a) Importer(815301076,1909f56bfc062723c751e8b465ee728b)  -> (artifact id: '1e1646e2edcf76033fd645025cc2d5fd') in 0.007620 seconds 
========================================================================
Received Import Request.
  Time since last request: 20.502048 seconds.
  path: Assets/UnitScripts/UnitScript
  artifactKey: Guid(f846346487a3220418accbf36058a526) Importer(815301076,1909f56bfc062723c751e8b465ee728b)
Start importing Assets/UnitScripts/UnitScript using Guid(f846346487a3220418accbf36058a526) Importer(815301076,1909f56bfc062723c751e8b465ee728b)  -> (artifact id: '95a61a3e58ab00dc605f085511331375') in 0.007660 seconds 
========================================================================
Received Import Request.
  Time since last request: 14.443692 seconds.
  path: Assets/UnitScripts/UnitScript.cs
  artifactKey: Guid(ae2fe05f5526a5049b1a8c693d50e0d6) Importer(815301076,1909f56bfc062723c751e8b465ee728b)
Start importing Assets/UnitScripts/UnitScript.cs using Guid(ae2fe05f5526a5049b1a8c693d50e0d6) Importer(815301076,1909f56bfc062723c751e8b465ee728b)  -> (artifact id: 'fc89ec9d8c09a549b7a7352b22284d79') in 0.002992 seconds 
========================================================================
Received Prepare
Registering precompiled user dll's ...
Registered in 0.008185 seconds.
Begin MonoManager ReloadAssembly
Symbol file LoadedFromMemory doesn't match image C:\Users\ybena\Documents\GitHub\Tales-from-the-41st-millenium\TFM41\Library\PackageCache\com.unity.visualscripting@1.7.8\Editor\VisualScripting.Core\Dependencies\YamlDotNet\Unity.VisualScripting.YamlDotNet.dll
Symbol file LoadedFromMemory doesn't match image C:\Users\ybena\Documents\GitHub\Tales-from-the-41st-millenium\TFM41\Library\PackageCache\com.unity.visualscripting@1.7.8\Editor\VisualScripting.Core\Dependencies\DotNetZip\Unity.VisualScripting.IonicZip.dll
Native extension for WindowsStandalone target not found
Native extension for WebGL target not found
Refreshing native plugins compatible for Editor in 0.79 ms, found 3 plugins.
Preloading 0 native plugins for Editor in 0.00 ms.
Mono: successfully reloaded assembly
- Completed reload, in  1.631 seconds
Domain Reload Profiling:
	ReloadAssembly (1632ms)
		BeginReloadAssembly (400ms)
			ExecutionOrderSort (0ms)
			DisableScriptedObjects (20ms)
			BackupInstance (0ms)
			ReleaseScriptingObjects (0ms)
			CreateAndSetChildDomain (184ms)
		EndReloadAssembly (1077ms)
			LoadAssemblies (146ms)
			RebuildTransferFunctionScriptingTraits (0ms)
			SetupTypeCache (438ms)
			ReleaseScriptCaches (2ms)
			RebuildScriptCaches (45ms)
			SetupLoadedEditorAssemblies (437ms)
				LogAssemblyErrors (0ms)
				InitializePlatformSupportModulesInManaged (20ms)
				SetLoadedEditorAssemblies (1ms)
				RefreshPlugins (1ms)
				BeforeProcessingInitializeOnLoad (81ms)
				ProcessInitializeOnLoadAttributes (281ms)
				ProcessInitializeOnLoadMethodAttributes (43ms)
				AfterProcessingInitializeOnLoad (10ms)
				EditorAssembliesLoaded (0ms)
			ExecutionOrderSort2 (0ms)
			AwakeInstancesAfterBackupRestoration (8ms)
Platform modules already initialized, skipping
Refreshing native plugins compatible for Editor in 4.10 ms, found 3 plugins.
Preloading 0 native plugins for Editor in 0.00 ms.
Unloading 3377 Unused Serialized files (Serialized files now loaded: 0)
Unloading 20 unused Assets / (79.7 KB). Loaded Objects now: 3848.
Memory consumption went from 116.2 MB to 116.1 MB.
Total: 3.851400 ms (FindLiveObjects: 0.356700 ms CreateObjectMapping: 0.209300 ms MarkObjects: 3.138800 ms  DeleteObjects: 0.145500 ms)

AssetImportParameters requested are different than current active one (requested -> active):
  custom:video-decoder-ogg-theora: a1e56fd34408186e4bbccfd4996cb3dc -> 
  custom:container-muxer-webm: aa71ff27fc2769a1b78a27578f13a17b -> 
  custom:container-demuxer-webm: 4f35f7cbe854078d1ac9338744f61a02 -> 
  custom:video-encoder-webm-vp8: eb34c28f22e8b96e1ab97ce403110664 -> 
  custom:video-codec-MediaFoundation-h265: 746d11721c4dcdbdad8f713fa42b33f4 -> 
  custom:audio-encoder-webm-vorbis: bf7c407c2cedff20999df2af8eb42d56 -> 
  custom:framework-win-MediaFoundation: 216162199b28c13a410421893ffa2e32 -> 
  custom:container-demuxer-ogg: 62fdf1f143b41e24485cea50d1cbac27 -> 
  custom:video-decoder-webm-vp8: 9c59270c3fd7afecdb556c50c9e8de78 -> 
  custom:audio-decoder-ogg-vorbis: bf7c407c2cedff20999df2af8eb42d56 -> 
========================================================================
Received Import Request.
  Time since last request: 6246.335878 seconds.
  path: Assets/Textures
  artifactKey: Guid(8f605bd1126506c41bb87f6a680d6249) Importer(815301076,1909f56bfc062723c751e8b465ee728b)
Start importing Assets/Textures using Guid(8f605bd1126506c41bb87f6a680d6249) Importer(815301076,1909f56bfc062723c751e8b465ee728b)  -> (artifact id: '8e8c3b724cc51b335262448b0d01c763') in 0.627730 seconds 
========================================================================
Received Import Request.
  Time since last request: 20.851069 seconds.
  path: Assets/Textures/Baseplate.mat
  artifactKey: Guid(7cd9cc1c7ce9c3d4f91269dcfc79615f) Importer(815301076,1909f56bfc062723c751e8b465ee728b)
Start importing Assets/Textures/Baseplate.mat using Guid(7cd9cc1c7ce9c3d4f91269dcfc79615f) Importer(815301076,1909f56bfc062723c751e8b465ee728b)  -> (artifact id: '3efecdd59812f64845b9edf7efc956cf') in 1.368222 seconds 
========================================================================
Received Prepare
Registering precompiled user dll's ...
Registered in 0.009008 seconds.
Begin MonoManager ReloadAssembly
Symbol file LoadedFromMemory doesn't match image C:\Users\ybena\Documents\GitHub\Tales-from-the-41st-millenium\TFM41\Library\PackageCache\com.unity.visualscripting@1.7.8\Editor\VisualScripting.Core\Dependencies\YamlDotNet\Unity.VisualScripting.YamlDotNet.dll
Symbol file LoadedFromMemory doesn't match image C:\Users\ybena\Documents\GitHub\Tales-from-the-41st-millenium\TFM41\Library\PackageCache\com.unity.visualscripting@1.7.8\Editor\VisualScripting.Core\Dependencies\DotNetZip\Unity.VisualScripting.IonicZip.dll
Native extension for WindowsStandalone target not found
Native extension for WebGL target not found
Refreshing native plugins compatible for Editor in 0.82 ms, found 3 plugins.
Preloading 0 native plugins for Editor in 0.00 ms.
Mono: successfully reloaded assembly
- Completed reload, in  3.091 seconds
Domain Reload Profiling:
	ReloadAssembly (3098ms)
		BeginReloadAssembly (1183ms)
			ExecutionOrderSort (0ms)
			DisableScriptedObjects (56ms)
			BackupInstance (0ms)
			ReleaseScriptingObjects (0ms)
			CreateAndSetChildDomain (678ms)
		EndReloadAssembly (1566ms)
			LoadAssemblies (222ms)
			RebuildTransferFunctionScriptingTraits (1ms)
			SetupTypeCache (755ms)
			ReleaseScriptCaches (2ms)
			RebuildScriptCaches (67ms)
			SetupLoadedEditorAssemblies (503ms)
				LogAssemblyErrors (0ms)
				InitializePlatformSupportModulesInManaged (22ms)
				SetLoadedEditorAssemblies (1ms)
				RefreshPlugins (1ms)
				BeforeProcessingInitializeOnLoad (114ms)
				ProcessInitializeOnLoadAttributes (310ms)
				ProcessInitializeOnLoadMethodAttributes (42ms)
				AfterProcessingInitializeOnLoad (11ms)
				EditorAssembliesLoaded (0ms)
			ExecutionOrderSort2 (0ms)
			AwakeInstancesAfterBackupRestoration (8ms)
Platform modules already initialized, skipping
Refreshing native plugins compatible for Editor in 5.63 ms, found 3 plugins.
Preloading 0 native plugins for Editor in 0.00 ms.
Unloading 3377 Unused Serialized files (Serialized files now loaded: 0)
Unloading 20 unused Assets / (79.8 KB). Loaded Objects now: 3892.
Memory consumption went from 120.8 MB to 120.8 MB.
Total: 9.064100 ms (FindLiveObjects: 0.334800 ms CreateObjectMapping: 0.303100 ms MarkObjects: 8.070400 ms  DeleteObjects: 0.354100 ms)

AssetImportParameters requested are different than current active one (requested -> active):
  custom:video-decoder-ogg-theora: a1e56fd34408186e4bbccfd4996cb3dc -> 
  custom:container-muxer-webm: aa71ff27fc2769a1b78a27578f13a17b -> 
  custom:container-demuxer-webm: 4f35f7cbe854078d1ac9338744f61a02 -> 
  custom:video-encoder-webm-vp8: eb34c28f22e8b96e1ab97ce403110664 -> 
  custom:video-codec-MediaFoundation-h265: 746d11721c4dcdbdad8f713fa42b33f4 -> 
  custom:audio-encoder-webm-vorbis: bf7c407c2cedff20999df2af8eb42d56 -> 
  custom:framework-win-MediaFoundation: 216162199b28c13a410421893ffa2e32 -> 
  custom:container-demuxer-ogg: 62fdf1f143b41e24485cea50d1cbac27 -> 
  custom:video-decoder-webm-vp8: 9c59270c3fd7afecdb556c50c9e8de78 -> 
  custom:audio-decoder-ogg-vorbis: bf7c407c2cedff20999df2af8eb42d56 -> 
========================================================================
Received Prepare
Registering precompiled user dll's ...
Registered in 0.007838 seconds.
Begin MonoManager ReloadAssembly
Symbol file LoadedFromMemory doesn't match image C:\Users\ybena\Documents\GitHub\Tales-from-the-41st-millenium\TFM41\Library\PackageCache\com.unity.visualscripting@1.7.8\Editor\VisualScripting.Core\Dependencies\YamlDotNet\Unity.VisualScripting.YamlDotNet.dll
Symbol file LoadedFromMemory doesn't match image C:\Users\ybena\Documents\GitHub\Tales-from-the-41st-millenium\TFM41\Library\PackageCache\com.unity.visualscripting@1.7.8\Editor\VisualScripting.Core\Dependencies\DotNetZip\Unity.VisualScripting.IonicZip.dll
Native extension for WindowsStandalone target not found
Native extension for WebGL target not found
Refreshing native plugins compatible for Editor in 0.78 ms, found 3 plugins.
Preloading 0 native plugins for Editor in 0.00 ms.
Mono: successfully reloaded assembly
- Completed reload, in  1.691 seconds
Domain Reload Profiling:
	ReloadAssembly (1692ms)
		BeginReloadAssembly (229ms)
			ExecutionOrderSort (0ms)
			DisableScriptedObjects (8ms)
			BackupInstance (0ms)
			ReleaseScriptingObjects (0ms)
			CreateAndSetChildDomain (53ms)
		EndReloadAssembly (1301ms)
			LoadAssemblies (158ms)
			RebuildTransferFunctionScriptingTraits (0ms)
			SetupTypeCache (487ms)
			ReleaseScriptCaches (2ms)
			RebuildScriptCaches (65ms)
			SetupLoadedEditorAssemblies (550ms)
				LogAssemblyErrors (0ms)
				InitializePlatformSupportModulesInManaged (22ms)
				SetLoadedEditorAssemblies (1ms)
				RefreshPlugins (1ms)
				BeforeProcessingInitializeOnLoad (124ms)
				ProcessInitializeOnLoadAttributes (350ms)
				ProcessInitializeOnLoadMethodAttributes (41ms)
				AfterProcessingInitializeOnLoad (11ms)
				EditorAssembliesLoaded (0ms)
			ExecutionOrderSort2 (0ms)
			AwakeInstancesAfterBackupRestoration (9ms)
Platform modules already initialized, skipping
Refreshing native plugins compatible for Editor in 2.95 ms, found 3 plugins.
Preloading 0 native plugins for Editor in 0.00 ms.
Unloading 3377 Unused Serialized files (Serialized files now loaded: 0)
Unloading 20 unused Assets / (79.9 KB). Loaded Objects now: 3895.
Memory consumption went from 120.8 MB to 120.8 MB.
Total: 5.590000 ms (FindLiveObjects: 0.626400 ms CreateObjectMapping: 0.470400 ms MarkObjects: 4.378700 ms  DeleteObjects: 0.111500 ms)

AssetImportParameters requested are different than current active one (requested -> active):
  custom:video-decoder-ogg-theora: a1e56fd34408186e4bbccfd4996cb3dc -> 
  custom:container-muxer-webm: aa71ff27fc2769a1b78a27578f13a17b -> 
  custom:container-demuxer-webm: 4f35f7cbe854078d1ac9338744f61a02 -> 
  custom:video-encoder-webm-vp8: eb34c28f22e8b96e1ab97ce403110664 -> 
  custom:video-codec-MediaFoundation-h265: 746d11721c4dcdbdad8f713fa42b33f4 -> 
  custom:audio-encoder-webm-vorbis: bf7c407c2cedff20999df2af8eb42d56 -> 
  custom:framework-win-MediaFoundation: 216162199b28c13a410421893ffa2e32 -> 
  custom:container-demuxer-ogg: 62fdf1f143b41e24485cea50d1cbac27 -> 
  custom:video-decoder-webm-vp8: 9c59270c3fd7afecdb556c50c9e8de78 -> 
  custom:audio-decoder-ogg-vorbis: bf7c407c2cedff20999df2af8eb42d56 -> 
========================================================================
Received Prepare
Registering precompiled user dll's ...
Registered in 0.006603 seconds.
Begin MonoManager ReloadAssembly
Symbol file LoadedFromMemory doesn't match image C:\Users\ybena\Documents\GitHub\Tales-from-the-41st-millenium\TFM41\Library\PackageCache\com.unity.visualscripting@1.7.8\Editor\VisualScripting.Core\Dependencies\YamlDotNet\Unity.VisualScripting.YamlDotNet.dll
Symbol file LoadedFromMemory doesn't match image C:\Users\ybena\Documents\GitHub\Tales-from-the-41st-millenium\TFM41\Library\PackageCache\com.unity.visualscripting@1.7.8\Editor\VisualScripting.Core\Dependencies\DotNetZip\Unity.VisualScripting.IonicZip.dll
Native extension for WindowsStandalone target not found
Native extension for WebGL target not found
Refreshing native plugins compatible for Editor in 0.73 ms, found 3 plugins.
Preloading 0 native plugins for Editor in 0.00 ms.
Mono: successfully reloaded assembly
- Completed reload, in  1.198 seconds
Domain Reload Profiling:
	ReloadAssembly (1199ms)
		BeginReloadAssembly (155ms)
			ExecutionOrderSort (0ms)
			DisableScriptedObjects (7ms)
			BackupInstance (0ms)
			ReleaseScriptingObjects (0ms)
			CreateAndSetChildDomain (44ms)
		EndReloadAssembly (925ms)
			LoadAssemblies (92ms)
			RebuildTransferFunctionScriptingTraits (0ms)
			SetupTypeCache (288ms)
			ReleaseScriptCaches (2ms)
			RebuildScriptCaches (52ms)
			SetupLoadedEditorAssemblies (432ms)
				LogAssemblyErrors (0ms)
				InitializePlatformSupportModulesInManaged (17ms)
				SetLoadedEditorAssemblies (1ms)
				RefreshPlugins (1ms)
				BeforeProcessingInitializeOnLoad (89ms)
				ProcessInitializeOnLoadAttributes (271ms)
				ProcessInitializeOnLoadMethodAttributes (44ms)
				AfterProcessingInitializeOnLoad (9ms)
				EditorAssembliesLoaded (0ms)
			ExecutionOrderSort2 (0ms)
			AwakeInstancesAfterBackupRestoration (8ms)
Platform modules already initialized, skipping
Refreshing native plugins compatible for Editor in 3.03 ms, found 3 plugins.
Preloading 0 native plugins for Editor in 0.00 ms.
Unloading 3377 Unused Serialized files (Serialized files now loaded: 0)
Unloading 20 unused Assets / (79.8 KB). Loaded Objects now: 3898.
Memory consumption went from 120.8 MB to 120.8 MB.
Total: 4.531500 ms (FindLiveObjects: 0.357600 ms CreateObjectMapping: 0.294600 ms MarkObjects: 3.737000 ms  DeleteObjects: 0.140800 ms)

AssetImportParameters requested are different than current active one (requested -> active):
  custom:video-decoder-ogg-theora: a1e56fd34408186e4bbccfd4996cb3dc -> 
  custom:container-muxer-webm: aa71ff27fc2769a1b78a27578f13a17b -> 
  custom:container-demuxer-webm: 4f35f7cbe854078d1ac9338744f61a02 -> 
  custom:video-encoder-webm-vp8: eb34c28f22e8b96e1ab97ce403110664 -> 
  custom:video-codec-MediaFoundation-h265: 746d11721c4dcdbdad8f713fa42b33f4 -> 
  custom:audio-encoder-webm-vorbis: bf7c407c2cedff20999df2af8eb42d56 -> 
  custom:framework-win-MediaFoundation: 216162199b28c13a410421893ffa2e32 -> 
  custom:container-demuxer-ogg: 62fdf1f143b41e24485cea50d1cbac27 -> 
  custom:video-decoder-webm-vp8: 9c59270c3fd7afecdb556c50c9e8de78 -> 
  custom:audio-decoder-ogg-vorbis: bf7c407c2cedff20999df2af8eb42d56 -> 
========================================================================
Received Import Request.
  Time since last request: 3291.240612 seconds.
  path: Assets/UnitScripts/UnitScript.cs
  artifactKey: Guid(ae2fe05f5526a5049b1a8c693d50e0d6) Importer(815301076,1909f56bfc062723c751e8b465ee728b)
Start importing Assets/UnitScripts/UnitScript.cs using Guid(ae2fe05f5526a5049b1a8c693d50e0d6) Importer(815301076,1909f56bfc062723c751e8b465ee728b)  -> (artifact id: '3c8b27084dd041663a7a28ddec5b77da') in 0.013769 seconds 
========================================================================
Received Import Request.
  Time since last request: 24.285922 seconds.
  path: Assets/Unit/UnitTest.prefab
  artifactKey: Guid(cd813cf2cbfc86845ad3a78cc7111873) Importer(815301076,1909f56bfc062723c751e8b465ee728b)
Start importing Assets/Unit/UnitTest.prefab using Guid(cd813cf2cbfc86845ad3a78cc7111873) Importer(815301076,1909f56bfc062723c751e8b465ee728b)  -> (artifact id: '158b1e7073a2c81c36110566345578bc') in 0.148569 seconds 
========================================================================
Received Import Request.
  Time since last request: 14.995703 seconds.
  path: Assets/GameMechanics/DistanceCalculator.cs
  artifactKey: Guid(bfdca3eea563c1c45b5a2754ba64007d) Importer(815301076,1909f56bfc062723c751e8b465ee728b)
Start importing Assets/GameMechanics/DistanceCalculator.cs using Guid(bfdca3eea563c1c45b5a2754ba64007d) Importer(815301076,1909f56bfc062723c751e8b465ee728b)  -> (artifact id: '244e4f610941492da79c2c36c88516a7') in 0.007217 seconds 
========================================================================
Received Prepare
Registering precompiled user dll's ...
Registered in 0.006775 seconds.
Begin MonoManager ReloadAssembly
Symbol file LoadedFromMemory doesn't match image C:\Users\ybena\Documents\GitHub\Tales-from-the-41st-millenium\TFM41\Library\PackageCache\com.unity.visualscripting@1.7.8\Editor\VisualScripting.Core\Dependencies\YamlDotNet\Unity.VisualScripting.YamlDotNet.dll
Symbol file LoadedFromMemory doesn't match image C:\Users\ybena\Documents\GitHub\Tales-from-the-41st-millenium\TFM41\Library\PackageCache\com.unity.visualscripting@1.7.8\Editor\VisualScripting.Core\Dependencies\DotNetZip\Unity.VisualScripting.IonicZip.dll
Native extension for WindowsStandalone target not found
Native extension for WebGL target not found
Refreshing native plugins compatible for Editor in 0.58 ms, found 3 plugins.
Preloading 0 native plugins for Editor in 0.00 ms.
Mono: successfully reloaded assembly
- Completed reload, in  1.293 seconds
Domain Reload Profiling:
	ReloadAssembly (1293ms)
		BeginReloadAssembly (199ms)
			ExecutionOrderSort (0ms)
			DisableScriptedObjects (6ms)
			BackupInstance (0ms)
			ReleaseScriptingObjects (0ms)
			CreateAndSetChildDomain (41ms)
		EndReloadAssembly (969ms)
			LoadAssemblies (155ms)
			RebuildTransferFunctionScriptingTraits (0ms)
			SetupTypeCache (404ms)
			ReleaseScriptCaches (1ms)
			RebuildScriptCaches (43ms)
			SetupLoadedEditorAssemblies (365ms)
				LogAssemblyErrors (0ms)
				InitializePlatformSupportModulesInManaged (16ms)
				SetLoadedEditorAssemblies (1ms)
				RefreshPlugins (1ms)
				BeforeProcessingInitializeOnLoad (74ms)
				ProcessInitializeOnLoadAttributes (231ms)
				ProcessInitializeOnLoadMethodAttributes (33ms)
				AfterProcessingInitializeOnLoad (10ms)
				EditorAssembliesLoaded (0ms)
			ExecutionOrderSort2 (0ms)
			AwakeInstancesAfterBackupRestoration (7ms)
Platform modules already initialized, skipping
Refreshing native plugins compatible for Editor in 5.01 ms, found 3 plugins.
Preloading 0 native plugins for Editor in 0.00 ms.
Unloading 3378 Unused Serialized files (Serialized files now loaded: 0)
Unloading 20 unused Assets / (79.9 KB). Loaded Objects now: 3904.
Memory consumption went from 120.9 MB to 120.8 MB.
Total: 5.625600 ms (FindLiveObjects: 0.493300 ms CreateObjectMapping: 0.421000 ms MarkObjects: 4.590200 ms  DeleteObjects: 0.119600 ms)

AssetImportParameters requested are different than current active one (requested -> active):
  custom:video-decoder-ogg-theora: a1e56fd34408186e4bbccfd4996cb3dc -> 
  custom:container-muxer-webm: aa71ff27fc2769a1b78a27578f13a17b -> 
  custom:container-demuxer-webm: 4f35f7cbe854078d1ac9338744f61a02 -> 
  custom:video-encoder-webm-vp8: eb34c28f22e8b96e1ab97ce403110664 -> 
  custom:video-codec-MediaFoundation-h265: 746d11721c4dcdbdad8f713fa42b33f4 -> 
  custom:audio-encoder-webm-vorbis: bf7c407c2cedff20999df2af8eb42d56 -> 
  custom:framework-win-MediaFoundation: 216162199b28c13a410421893ffa2e32 -> 
  custom:container-demuxer-ogg: 62fdf1f143b41e24485cea50d1cbac27 -> 
  custom:video-decoder-webm-vp8: 9c59270c3fd7afecdb556c50c9e8de78 -> 
  custom:audio-decoder-ogg-vorbis: bf7c407c2cedff20999df2af8eb42d56 -> 
========================================================================
Received Import Request.
  Time since last request: 36812.982406 seconds.
  path: Assets/GameMechanics/DistanceCalculator.cs
  artifactKey: Guid(bfdca3eea563c1c45b5a2754ba64007d) Importer(815301076,1909f56bfc062723c751e8b465ee728b)
Start importing Assets/GameMechanics/DistanceCalculator.cs using Guid(bfdca3eea563c1c45b5a2754ba64007d) Importer(815301076,1909f56bfc062723c751e8b465ee728b)  -> (artifact id: '851fb0dca58efc81e1d49b8fe150577c') in 0.685108 seconds 
========================================================================
Received Import Request.
  Time since last request: 1.572059 seconds.
  path: Assets/Textures/Baseplate.mat
  artifactKey: Guid(7cd9cc1c7ce9c3d4f91269dcfc79615f) Importer(815301076,1909f56bfc062723c751e8b465ee728b)
Start importing Assets/Textures/Baseplate.mat using Guid(7cd9cc1c7ce9c3d4f91269dcfc79615f) Importer(815301076,1909f56bfc062723c751e8b465ee728b)  -> (artifact id: '652bc0c9cde57aaa18120ded3cf30f77') in 0.962422 seconds 
========================================================================
Received Import Request.
  Time since last request: 26.997339 seconds.
  path: Assets/UnitScripts/UnitScript.cs
  artifactKey: Guid(ae2fe05f5526a5049b1a8c693d50e0d6) Importer(815301076,1909f56bfc062723c751e8b465ee728b)
Start importing Assets/UnitScripts/UnitScript.cs using Guid(ae2fe05f5526a5049b1a8c693d50e0d6) Importer(815301076,1909f56bfc062723c751e8b465ee728b)  -> (artifact id: '26eaa72d67a8569726a6824c9ae026f7') in 0.010775 seconds 
========================================================================
Received Import Request.
  Time since last request: 36.445962 seconds.
  path: Assets/Unit/UnitTest.prefab
  artifactKey: Guid(cd813cf2cbfc86845ad3a78cc7111873) Importer(815301076,1909f56bfc062723c751e8b465ee728b)
Start importing Assets/Unit/UnitTest.prefab using Guid(cd813cf2cbfc86845ad3a78cc7111873) Importer(815301076,1909f56bfc062723c751e8b465ee728b)  -> (artifact id: '493fb18072944764d3478112ed4d1285') in 0.125024 seconds 
========================================================================
Received Import Request.
  Time since last request: 75.653988 seconds.
  path: Assets/TerrainTypes/Solid.cs
  artifactKey: Guid(4535fae1a697aca4083ce003dcfb976a) Importer(815301076,1909f56bfc062723c751e8b465ee728b)
Start importing Assets/TerrainTypes/Solid.cs using Guid(4535fae1a697aca4083ce003dcfb976a) Importer(815301076,1909f56bfc062723c751e8b465ee728b)  -> (artifact id: 'b567b99080d484d479fac2301557bfa5') in 0.007339 seconds 
========================================================================
Received Import Request.
  Time since last request: 9465.926043 seconds.
  path: Assets/GameMechanics/New Folder
  artifactKey: Guid(95193a14c781c634bb0e96b808548875) Importer(815301076,1909f56bfc062723c751e8b465ee728b)
Start importing Assets/GameMechanics/New Folder using Guid(95193a14c781c634bb0e96b808548875) Importer(815301076,1909f56bfc062723c751e8b465ee728b)  -> (artifact id: '7c1f3ab9399f8ff29e09ad9f9591165e') in 0.027532 seconds 
========================================================================
Received Import Request.
  Time since last request: 10.881922 seconds.
  path: Assets/GameMechanics/RandomNumberGenerator.cs
  artifactKey: Guid(a3e054e11f4696f409fdc53632a423da) Importer(815301076,1909f56bfc062723c751e8b465ee728b)
Start importing Assets/GameMechanics/RandomNumberGenerator.cs using Guid(a3e054e11f4696f409fdc53632a423da) Importer(815301076,1909f56bfc062723c751e8b465ee728b)  -> (artifact id: 'fa316c5f6d840adf7bdc3f07bbcc0aaf') in 0.009325 seconds 
========================================================================
Received Import Request.
  Time since last request: 449.371943 seconds.
  path: Assets/GameMechanics/RandomNumberGenerator.cs
  artifactKey: Guid(a3e054e11f4696f409fdc53632a423da) Importer(815301076,1909f56bfc062723c751e8b465ee728b)
Start importing Assets/GameMechanics/RandomNumberGenerator.cs using Guid(a3e054e11f4696f409fdc53632a423da) Importer(815301076,1909f56bfc062723c751e8b465ee728b)  -> (artifact id: '0c31e627b952e8a25c85e61a52b35763') in 0.037860 seconds 
========================================================================
Received Import Request.
  Time since last request: 9.753864 seconds.
  path: Assets/GameMechanics/ShortestPath.cs
  artifactKey: Guid(c233fb77a8f4d674d933746a0b6d2d8d) Importer(815301076,1909f56bfc062723c751e8b465ee728b)
Start importing Assets/GameMechanics/ShortestPath.cs using Guid(c233fb77a8f4d674d933746a0b6d2d8d) Importer(815301076,1909f56bfc062723c751e8b465ee728b)  -> (artifact id: '42b547f7e23d095e955778a2033d6dba') in 0.010839 seconds 
========================================================================
Received Import Request.
  Time since last request: 14.647178 seconds.
  path: Assets/GameMechanics/DiceRoller.cs
  artifactKey: Guid(a3e054e11f4696f409fdc53632a423da) Importer(815301076,1909f56bfc062723c751e8b465ee728b)
Start importing Assets/GameMechanics/DiceRoller.cs using Guid(a3e054e11f4696f409fdc53632a423da) Importer(815301076,1909f56bfc062723c751e8b465ee728b)  -> (artifact id: '953c8c18c845304a8f574a074f318657') in 0.011825 seconds 
========================================================================
Received Import Request.
  Time since last request: 17.605344 seconds.
  path: Assets/GameMechanics/DistanceCalculator.cs
  artifactKey: Guid(bfdca3eea563c1c45b5a2754ba64007d) Importer(815301076,1909f56bfc062723c751e8b465ee728b)
Start importing Assets/GameMechanics/DistanceCalculator.cs using Guid(bfdca3eea563c1c45b5a2754ba64007d) Importer(815301076,1909f56bfc062723c751e8b465ee728b)  -> (artifact id: 'ccac4aac9eb28523174e57c67f4104a4') in 0.010757 seconds 
========================================================================
Received Import Request.
  Time since last request: 4.269221 seconds.
  path: Assets/GameMechanics/LineOfSight.cs
  artifactKey: Guid(bfdca3eea563c1c45b5a2754ba64007d) Importer(815301076,1909f56bfc062723c751e8b465ee728b)
Start importing Assets/GameMechanics/LineOfSight.cs using Guid(bfdca3eea563c1c45b5a2754ba64007d) Importer(815301076,1909f56bfc062723c751e8b465ee728b)  -> (artifact id: '13a8bbaef1f584ba7e2e81f2a1a2cb4a') in 0.015586 seconds 
========================================================================
Received Import Request.
  Time since last request: 10290.393980 seconds.
  path: Assets/GameMechanics/ShortestPath.cs
  artifactKey: Guid(c233fb77a8f4d674d933746a0b6d2d8d) Importer(815301076,1909f56bfc062723c751e8b465ee728b)
Start importing Assets/GameMechanics/ShortestPath.cs using Guid(c233fb77a8f4d674d933746a0b6d2d8d) Importer(815301076,1909f56bfc062723c751e8b465ee728b)  -> (artifact id: 'e5017f0fe5b9f05bc252799b93645889') in 0.021599 seconds 
========================================================================
Received Import Request.
  Time since last request: 752.673617 seconds.
  path: Assets/GameMechanics/MoveUnit.cs
  artifactKey: Guid(73b44d79d5a43774f9a79dadce4ca260) Importer(815301076,1909f56bfc062723c751e8b465ee728b)
Start importing Assets/GameMechanics/MoveUnit.cs using Guid(73b44d79d5a43774f9a79dadce4ca260) Importer(815301076,1909f56bfc062723c751e8b465ee728b)  -> (artifact id: 'd51ad6b43fa7cb11a2d4fcf5bccada2e') in 0.015720 seconds 
